2021-May-05 10:52:16 Наличие необходимых модулей php (check_php_modules): Ok
Все необходимые модули установлены
2021-May-05 10:52:16 Обязательные параметры PHP (check_php_settings): Ok
Настройки правильные
2021-May-05 10:52:16 Модули веб-сервера (check_security): Ok
Конфликтов не выявлено
2021-May-05 10:52:16 Значения переменных сервера (check_server_vars): Ok
Корректные
2021-May-05 10:52:17 Сохранение сессии (check_session): Ok
50% done
2021-May-05 10:52:17 Сохранение сессии (check_session): Ok
Успешно
2021-May-05 10:52:17 Параметры настройки UTF (mbstring и константа BX_UTF) (check_mbstring): Ok
Правильные. Сайт работает в UTF кодировке
2021-May-05 10:52:17 Служебные скрипты в корне сайта (check_install_scripts): Ok
Отсутствуют
2021-May-05 10:52:17 Работа с сокетами (check_socket): Ok
Connection to ssl://gotdoc.ru:443	Success

Успешно
2021-May-05 10:52:17 Выполнение агентов на cron (check_bx_crontab): Warning
Замечание. Агенты выполняются на хитах, рекомендуется перевести выполнение агентов на cron
2021-May-05 10:52:18 Параметры подключения к базе данных (check_dbconn_settings): Ok
Успешно
2021-May-05 10:52:18 Лишний вывод в файлах конфигурации (check_dbconn): Ok
Connection to ssl://gotdoc.ru:443	Success

Успешно
2021-May-05 10:52:18 Сохранение сессии без UserAgent (check_session_ua): Ok
50% done
Connection to ssl://gotdoc.ru:443	Success

2021-May-05 10:52:18 Сохранение сессии без UserAgent (check_session_ua): Ok
Connection to ssl://gotdoc.ru:443	Success

Успешно
2021-May-05 10:52:18 Настройки сайтов (check_sites): Ok
Правильные
2021-May-05 10:52:18 Передача объектов по ссылке (check_clone): Ok
Успешно
2021-May-05 10:52:18 Размер стека и pcre.recursion_limit (check_pcre_recursion): Ok
Connection to ssl://gotdoc.ru:443	Success

Успешно
2021-May-05 10:52:18 Загрузка файла (check_upload): Ok
Connection to ssl://gotdoc.ru:443	Success

Успешно
2021-May-05 10:52:19 Загрузка файла больше 4Мб (check_upload_big): Ok
Connection to ssl://gotdoc.ru:443	Success

Успешно
2021-May-05 10:52:19 Загрузка файла через php://input (check_upload_raw): Ok
Connection to ssl://gotdoc.ru:443	Success

Успешно
2021-May-05 10:52:19 Передача POST запроса с большим числом параметров (check_post): Ok
Connection to ssl://gotdoc.ru:443	Success

Успешно
2021-May-05 10:52:19 Отправка почты (check_mail): Ok
Успешно
2021-May-05 10:52:20 Отправка почтового сообщения больше 64Кб (check_mail_big): Ok
Успешно
2021-May-05 10:52:20 Проверка на наличие неотправленных сообщений (check_mail_b_event): Ok
Успешно
2021-May-05 10:52:20 Внутреннее перенаправление (функция LocalRedirect) (check_localredirect): Ok
50% done
Connection to ssl://gotdoc.ru:443	Success

2021-May-05 10:52:20 Внутреннее перенаправление (функция LocalRedirect) (check_localredirect): Ok
Connection to ssl://gotdoc.ru:443	Success

Успешно
2021-May-05 10:52:20 Фактическое ограничение памяти (check_memory_limit): Ok
20% done
Connection to ssl://gotdoc.ru:443	Success

2021-May-05 10:52:20 Фактическое ограничение памяти (check_memory_limit): Ok
40% done
Connection to ssl://gotdoc.ru:443	Success

2021-May-05 10:52:20 Фактическое ограничение памяти (check_memory_limit): Ok
60% done
Connection to ssl://gotdoc.ru:443	Success

2021-May-05 10:52:20 Фактическое ограничение памяти (check_memory_limit): Ok
80% done
Connection to ssl://gotdoc.ru:443	Success

2021-May-05 10:52:21 Фактическое ограничение памяти (check_memory_limit): Ok
Connection to ssl://gotdoc.ru:443	Success

Не менее 256 М
2021-May-05 10:52:21 Работа с файлами кеша (check_cache): Ok
Успешно
2021-May-05 10:52:21 Доступ к серверу обновлений (check_update): Ok
Успешно
2021-May-05 10:52:21 HTTP авторизация (check_http_auth): Ok
Connection to ssl://gotdoc.ru:443	Success

Успешно
2021-May-05 10:52:21 Создание и запуск файла (check_exec): Ok
Connection to ssl://gotdoc.ru:443	Success

Успешно
2021-May-05 10:52:21 Функция getimagesize для swf (check_getimagesize): Ok
Успешно
2021-May-05 10:52:22 Версия MySQL-сервера (check_mysql_bug_version): Ok
Успешно
2021-May-05 10:52:23 Время на БД и веб-сервере (check_mysql_time): Ok
Успешно
2021-May-05 10:52:23 Режим работы MySQL (check_mysql_mode): Ok
Успешно
2021-May-05 10:52:23 Кодировка соединения (check_mysql_connection_charset): Ok
character_set_connection=utf8, collation_connection=utf8_unicode_ci, character_set_results=utf8
Успешно
2021-May-05 10:52:23 Кодировка базы данных (check_mysql_db_charset): Ok
CHARSET=utf8, COLLATION=utf8_unicode_ci
Успешно
2021-May-05 10:52:23 Кодировки таблиц в БД (check_mysql_table_charset): Ok
Успешно
2021-May-05 10:52:23 Структура базы данных (check_mysql_table_structure): Ok
0% done
2021-May-05 10:52:23 Структура базы данных (check_mysql_table_structure): Ok
2% done
2021-May-05 10:52:24 Структура базы данных (check_mysql_table_structure): Ok
5% done
2021-May-05 10:52:24 Структура базы данных (check_mysql_table_structure): Ok
8% done
2021-May-05 10:52:24 Структура базы данных (check_mysql_table_structure): Ok
11% done
2021-May-05 10:52:24 Структура базы данных (check_mysql_table_structure): Ok
14% done
2021-May-05 10:52:25 Структура базы данных (check_mysql_table_structure): Ok
17% done
2021-May-05 10:52:25 Структура базы данных (check_mysql_table_structure): Ok
20% done
2021-May-05 10:52:28 Структура базы данных (check_mysql_table_structure): Ok
23% done
2021-May-05 10:52:41 Структура базы данных (check_mysql_table_structure): Ok
26% done
2021-May-05 10:52:41 Структура базы данных (check_mysql_table_structure): Ok
29% done
2021-May-05 10:52:42 Структура базы данных (check_mysql_table_structure): Ok
32% done
2021-May-05 10:52:42 Структура базы данных (check_mysql_table_structure): Ok
35% done
2021-May-05 10:52:42 Структура базы данных (check_mysql_table_structure): Ok
38% done
2021-May-05 10:52:43 Структура базы данных (check_mysql_table_structure): Ok
41% done
2021-May-05 10:52:43 Структура базы данных (check_mysql_table_structure): Ok
44% done
2021-May-05 10:52:43 Структура базы данных (check_mysql_table_structure): Ok
47% done
2021-May-05 10:52:43 Структура базы данных (check_mysql_table_structure): Ok
50% done
2021-May-05 10:52:43 Структура базы данных (check_mysql_table_structure): Ok
52% done
2021-May-05 10:52:43 Структура базы данных (check_mysql_table_structure): Ok
55% done
2021-May-05 10:52:43 Структура базы данных (check_mysql_table_structure): Ok
58% done
2021-May-05 10:52:43 Структура базы данных (check_mysql_table_structure): Ok
61% done
2021-May-05 10:52:44 Структура базы данных (check_mysql_table_structure): Ok
64% done
2021-May-05 10:52:44 Структура базы данных (check_mysql_table_structure): Ok
67% done
2021-May-05 10:52:44 Структура базы данных (check_mysql_table_structure): Ok
70% done
2021-May-05 10:52:44 Структура базы данных (check_mysql_table_structure): Ok
73% done
2021-May-05 10:52:44 Структура базы данных (check_mysql_table_structure): Ok
76% done
2021-May-05 10:52:45 Структура базы данных (check_mysql_table_structure): Ok
79% done
2021-May-05 10:52:45 Структура базы данных (check_mysql_table_structure): Ok
82% done
2021-May-05 10:52:45 Структура базы данных (check_mysql_table_structure): Ok
85% done
2021-May-05 10:52:47 Структура базы данных (check_mysql_table_structure): Ok
88% done
2021-May-05 10:52:48 Структура базы данных (check_mysql_table_structure): Ok
91% done
2021-May-05 10:52:48 Структура базы данных (check_mysql_table_structure): Ok
94% done
2021-May-05 10:52:48 Структура базы данных (check_mysql_table_structure): Ok
97% done
2021-May-05 10:52:48 Структура базы данных (check_mysql_table_structure): Ok
Успешно
